<?xml version="1.0" encoding="UTF-8"?>
<!-- Generated by org.testng.reporters.JUnitXMLReporter -->
<testsuite hostname="MACC02VX0WFHTDD-2.local" name="Command line test" tests="4" failures="0" timestamp="25 Mar 2018 05:36:33 GMT" time="0.013" errors="0">
  <testcase name="test on FactoryTest{name=&#039;1&#039;, createdAt=1521956193543}" time="0.006" classname="pers.xiaoming.notebook.parameter.FactoryTest"/>
  <testcase name="test2 on FactoryTest{name=&#039;1&#039;, createdAt=1521956193543}" time="0.0" classname="pers.xiaoming.notebook.parameter.FactoryTest"/>
  <testcase name="test on FactoryTest{name=&#039;2&#039;, createdAt=1521956193543}" time="0.0" classname="pers.xiaoming.notebook.parameter.FactoryTest"/>
  <testcase name="test2 on FactoryTest{name=&#039;2&#039;, createdAt=1521956193543}" time="0.0" classname="pers.xiaoming.notebook.parameter.FactoryTest"/>
</testsuite> <!-- Command line test -->
