<?xml version="1.0" encoding="UTF-8"?>
<testng-results skipped="0" failed="0" total="4" passed="4">
  <reporter-output>
  </reporter-output>
  <suite name="Command line suite" duration-ms="13" started-at="2018-03-25T05:36:33Z" finished-at="2018-03-25T05:36:33Z">
    <groups>
    </groups>
    <test name="Command line test" duration-ms="13" started-at="2018-03-25T05:36:33Z" finished-at="2018-03-25T05:36:33Z">
      <class name="pers.xiaoming.notebook.parameter.FactoryTest">
        <test-method status="PASS" signature="test()[pri:0, instance:FactoryTest{name=&#039;1&#039;, createdAt=1521956193543}]" name="test" duration-ms="6" started-at="2018-03-24T22:36:33Z" finished-at="2018-03-24T22:36:33Z">
          <reporter-output>
          </reporter-output>
        </test-method> <!-- test -->
        <test-method status="PASS" signature="test2()[pri:0, instance:FactoryTest{name=&#039;1&#039;, createdAt=1521956193543}]" name="test2" duration-ms="0" started-at="2018-03-24T22:36:33Z" finished-at="2018-03-24T22:36:33Z">
          <reporter-output>
          </reporter-output>
        </test-method> <!-- test2 -->
        <test-method status="PASS" signature="test()[pri:0, instance:FactoryTest{name=&#039;2&#039;, createdAt=1521956193543}]" name="test" duration-ms="0" started-at="2018-03-24T22:36:33Z" finished-at="2018-03-24T22:36:33Z">
          <reporter-output>
          </reporter-output>
        </test-method> <!-- test -->
        <test-method status="PASS" signature="test2()[pri:0, instance:FactoryTest{name=&#039;2&#039;, createdAt=1521956193543}]" name="test2" duration-ms="0" started-at="2018-03-24T22:36:33Z" finished-at="2018-03-24T22:36:33Z">
          <reporter-output>
          </reporter-output>
        </test-method> <!-- test2 -->
      </class> <!-- pers.xiaoming.notebook.parameter.FactoryTest -->
    </test> <!-- Command line test -->
  </suite> <!-- Command line suite -->
</testng-results>
